\BOOKMARK [1][-]{section.1}{\376\377\000S\000t\000r\000u\000t\000t\000u\000r\000a\000\040\000d\000e\000l\000\040\000c\000o\000d\000i\000c\000e}{}% 1
\BOOKMARK [2][-]{subsection.1.1}{\376\377\000F\000u\000n\000z\000i\000o\000n\000i\000\040\000a\000u\000s\000i\000l\000i\000a\000r\000i\000e}{section.1}% 2
\BOOKMARK [3][-]{subsubsection.1.1.1}{\376\377\000p\000r\000i\000n\000t\000S\000t\000r\000.\000s}{subsection.1.1}% 3
\BOOKMARK [3][-]{subsubsection.1.1.2}{\376\377\000w\000r\000i\000t\000e\000S\000t\000r\000F\000i\000l\000e\000.\000s}{subsection.1.1}% 4
\BOOKMARK [3][-]{subsubsection.1.1.3}{\376\377\000p\000r\000i\000n\000t\000I\000n\000t\000.\000s}{subsection.1.1}% 5
\BOOKMARK [3][-]{subsubsection.1.1.4}{\376\377\000w\000r\000i\000t\000e\000I\000n\000t\000F\000i\000l\000e\000.\000s}{subsection.1.1}% 6
\BOOKMARK [3][-]{subsubsection.1.1.5}{\376\377\000a\000t\000o\000i\000.\000s}{subsection.1.1}% 7
\BOOKMARK [3][-]{subsubsection.1.1.6}{\376\377\000b\000u\000b\000b\000l\000e\000S\000o\000r\000t\000.\000s}{subsection.1.1}% 8
\BOOKMARK [3][-]{subsubsection.1.1.7}{\376\377\000s\000w\000a\000p\000O\000r\000d\000e\000r\000s\000.\000s}{subsection.1.1}% 9
\BOOKMARK [2][-]{subsection.1.2}{\376\377\000F\000i\000l\000e\000\040\000p\000r\000i\000n\000c\000i\000p\000a\000l\000i}{section.1}% 10
\BOOKMARK [3][-]{subsubsection.1.2.1}{\376\377\000m\000a\000i\000n\000.\000s}{subsection.1.2}% 11
\BOOKMARK [3][-]{subsubsection.1.2.2}{\376\377\000m\000e\000n\000u\000.\000s}{subsection.1.2}% 12
\BOOKMARK [3][-]{subsubsection.1.2.3}{\376\377\000p\000l\000a\000n\000.\000s}{subsection.1.2}% 13
\BOOKMARK [3][-]{subsubsection.1.2.4}{\376\377\000o\000u\000t\000p\000u\000t\000.\000s}{subsection.1.2}% 14
\BOOKMARK [1][-]{section.2}{\376\377\000S\000i\000m\000u\000l\000a\000z\000i\000o\000n\000e\000\040\000o\000r\000d\000i\000n\000i}{}% 15
\BOOKMARK [2][-]{subsection.2.1}{\376\377\000C\000o\000n\000t\000r\000o\000l\000l\000o\000\040\000d\000e\000i\000\040\000v\000a\000l\000o\000r\000i}{section.2}% 16
\BOOKMARK [2][-]{subsection.2.2}{\376\377\000E\000D\000F\000.\000t\000x\000t}{section.2}% 17
\BOOKMARK [2][-]{subsection.2.3}{\376\377\000B\000o\000t\000h\000.\000t\000x\000t}{section.2}% 18
\BOOKMARK [2][-]{subsection.2.4}{\376\377\000N\000o\000n\000e\000.\000t\000x\000t}{section.2}% 19
\BOOKMARK [1][-]{section.3}{\376\377\000S\000c\000e\000l\000t\000e\000\040\000p\000r\000o\000g\000e\000t\000t\000u\000a\000l\000i}{}% 20
\BOOKMARK [2][-]{subsection.3.1}{\376\377\000A\000p\000e\000r\000t\000u\000r\000a\000\040\000d\000e\000l\000\040\000f\000i\000l\000e}{section.3}% 21
\BOOKMARK [2][-]{subsection.3.2}{\376\377\000L\000e\000t\000t\000u\000r\000a\000\040\000d\000e\000l\000\040\000f\000i\000l\000e}{section.3}% 22
